This is XeTeXk, Version 3.1415926-2.2-0.999.6 (Web2C 7.5.7) (INITEX)  7 SEP 2009 13:40
entering extended mode
 %&-line parsing enabled.
***cont-en
(/usr/local/texlive/2008/../texmf-local/tex/context/base/cont-en.tex
(/usr/local/texlive/2008/../texmf-local/tex/context/base/context.tex
(/usr/local/texlive/2008/../texmf-local/tex/context/base/context.mkii
(/usr/local/texlive/2008/../texmf-local/tex/context/base/syst-ini.tex)
(/usr/local/texlive/2008/../texmf-local/tex/context/base/syst-pln.tex)
(/usr/local/texlive/2008/../texmf-local/tex/context/base/norm-tex.tex)
(/usr/local/texlive/2008/../texmf-local/tex/context/base/norm-etx.tex)
(/usr/local/texlive/2008/../texmf-local/tex/context/base/norm-ptx.tex)
(/usr/local/texlive/2008/../texmf-local/tex/context/base/norm-xtx.tex)
(/usr/local/texlive/2008/../texmf-local/tex/context/base/norm-ctx.tex)
(/usr/local/texlive/2008/../texmf-local/tex/context/base/catc-ini.mkii)
(/usr/local/texlive/2008/../texmf-local/tex/context/base/catc-act.tex)
(/usr/local/texlive/2008/../texmf-local/tex/context/base/catc-def.tex)
(/usr/local/texlive/2008/../texmf-local/tex/context/base/catc-ctx.tex)
(/usr/local/texlive/2008/../texmf-local/tex/context/base/catc-sym.tex)
(/usr/local/texlive/2008/../texmf-local/tex/context/base/syst-gen.mkii
warning: \count \scratchcounter is already defined (\relax it first)
warning: \count \globalscratchcounter is already defined (\relax it first)
warning: \dimen \scratchdimen is already defined (\relax it first)
warning: \dimen \globalscratchdimen is already defined (\relax it first)
warning: \skip \scratchskip is already defined (\relax it first)
warning: \skip \globalscratchskip is already defined (\relax it first)
warning: \muskip \scratchmuskip is already defined (\relax it first)
warning: \muskip \globalscratchmuskip is already defined (\relax it first)
warning: \toks \scratchtoks is already defined (\relax it first)
warning: \toks \globalscratchtoks is already defined (\relax it first)
warning: \box \scratchbox is already defined (\relax it first)
warning: \box \globalscratchbox is already defined (\relax it first)
warning: \dimen \scratchdimenone is already defined (\relax it first)
warning: \box \scratchboxone is already defined (\relax it first)
warning: \count \scratchcounterone is already defined (\relax it first)
warning: \dimen \scratchdimentwo is already defined (\relax it first)
warning: \box \scratchboxtwo is already defined (\relax it first)
warning: \count \scratchcountertwo is already defined (\relax it first)
warning: \toks \emptytoks is already defined (\relax it first)
loading         : ConTeXt System Macros / General
) (/usr/local/texlive/2008/../texmf-local/tex/context/base/syst-ext.mkii
loading         : ConTeXt System Macros / Extras
) (/usr/local/texlive/2008/../texmf-local/tex/context/base/syst-new.mkii)
(/usr/local/texlive/2008/../texmf-local/tex/context/base/syst-con.mkii
loading         : ConTeXt System Macros / Conversions
) (/usr/local/texlive/2008/../texmf-local/tex/context/base/thrd-trg.mkii)
(/usr/local/texlive/2008/../texmf-local/tex/context/base/syst-fnt.mkii)
(/usr/local/texlive/2008/../texmf-local/tex/context/base/syst-str.mkii)
(/usr/local/texlive/2008/../texmf-local/tex/context/base/syst-rtp.mkii)
(/usr/local/texlive/2008/../texmf-local/tex/context/base/xetx-ini.mkii)
(/usr/local/texlive/2008/../texmf-local/tex/context/base/xetx-utf.mkii)
(/usr/local/texlive/2008/../texmf-local/tex/context/base/xetx-chr.mkii)
(/usr/local/texlive/2008/../texmf-local/tex/context/base/xetx-cls.mkii)
(/usr/local/texlive/2008/../texmf-local/tex/context/base/supp-fil.mkii
loading         : ConTeXt Support Macros / Files
) (/usr/local/texlive/2008/../texmf-local/tex/context/base/supp-dir.mkii)
(/usr/local/texlive/2008/../texmf-local/tex/context/base/mult-ini.mkii
loading         : ConTeXt Multilingual Macros / Initialization
) (/usr/local/texlive/2008/../texmf-local/tex/context/base/mult-fst.tex)
(/usr/local/texlive/2008/../texmf-local/tex/context/base/mult-sys.tex
loading         : ConTeXt Multilingual Macros / System
interface       : defining english interface

interface       : using english messages

) (./mult-def.tex)
(/usr/local/texlive/2008/../texmf-local/tex/context/base/mult-chk.mkii
loading         : ConTeXt Multilingual Macros / Checking
) (/usr/local/texlive/2008/../texmf-local/tex/context/base/core-var.mkii
loading         : ConTeXt Core Macros / Variables
) (/usr/local/texlive/2008/../texmf-local/tex/context/base/core-env.mkii
loading         : ConTeXt Core Macros / Environments
! Undefined control sequence.
<argument> ...def \@EA \noexpand \csname \e!start 
                                                  \v!setups \endcsname {\beg...

\expanded ...\long \xdef \@@expanded {\noexpand #1
                                                  }\@@expanded 
l.212 ...xpand\csname\e!stop\v!setups\endcsname}}}
                                                  
? Q
OK, entering \batchmode...
! Undefined control sequence.
<argument> ...noexpand \csname \e!start \v!setups 
                                                  \endcsname {\begingroup \n...

\expanded ...\long \xdef \@@expanded {\noexpand #1
                                                  }\@@expanded 
l.212 ...xpand\csname\e!stop\v!setups\endcsname}}}
                                                  
The control sequence at the end of the top line
of your error message was never \def'ed. If you have
misspelled it (e.g., `\hobx'), type `I' and the correct
spelling (e.g., `I\hbox'). Otherwise just continue,
and I'll forget about whatever was undefined.

! Undefined control sequence.
<argument> ...upsA \@EA \noexpand \csname \e!stop 
                                                  \v!setups \endcsname } {\n...

\expanded ...\long \xdef \@@expanded {\noexpand #1
                                                  }\@@expanded 
l.212 ...xpand\csname\e!stop\v!setups\endcsname}}}
                                                  
The control sequence at the end of the top line
of your error message was never \def'ed. If you have
misspelled it (e.g., `\hobx'), type `I' and the correct
spelling (e.g., `I\hbox'). Otherwise just continue,
and I'll forget about whatever was undefined.

! Undefined control sequence.
<argument> ...\noexpand \csname \e!stop \v!setups 
                                                  \endcsname } {\noexpand \s...

\expanded ...\long \xdef \@@expanded {\noexpand #1
                                                  }\@@expanded 
l.212 ...xpand\csname\e!stop\v!setups\endcsname}}}
                                                  
The control sequence at the end of the top line
of your error message was never \def'ed. If you have
misspelled it (e.g., `\hobx'), type `I' and the correct
spelling (e.g., `I\hbox'). Otherwise just continue,
and I'll forget about whatever was undefined.

! Undefined control sequence.
<argument> ...upsB \@EA \noexpand \csname \e!stop 
                                                  \v!setups \endcsname }}
\expanded ...\long \xdef \@@expanded {\noexpand #1
                                                  }\@@expanded 
l.212 ...xpand\csname\e!stop\v!setups\endcsname}}}
                                                  
The control sequence at the end of the top line
of your error message was never \def'ed. If you have
misspelled it (e.g., `\hobx'), type `I' and the correct
spelling (e.g., `I\hbox'). Otherwise just continue,
and I'll forget about whatever was undefined.

! Undefined control sequence.
<argument> ...\noexpand \csname \e!stop \v!setups 
                                                  \endcsname }}
\expanded ...\long \xdef \@@expanded {\noexpand #1
                                                  }\@@expanded 
l.212 ...xpand\csname\e!stop\v!setups\endcsname}}}
                                                  
The control sequence at the end of the top line
of your error message was never \def'ed. If you have
misspelled it (e.g., `\hobx'), type `I' and the correct
spelling (e.g., `I\hbox'). Otherwise just continue,
and I'll forget about whatever was undefined.

! Undefined control sequence.
<argument> \e!stop 
                   \v!setups 
\letvalue #1->\expandafter \let \csname #1
                                          \endcsname 
l.214 \letvalue{\e!stop\v!setups}
                                 \relax
The control sequence at the end of the top line
of your error message was never \def'ed. If you have
misspelled it (e.g., `\hobx'), type `I' and the correct
spelling (e.g., `I\hbox'). Otherwise just continue,
and I'll forget about whatever was undefined.

! Undefined control sequence.
<argument> \e!stop \v!setups 
                             
\letvalue #1->\expandafter \let \csname #1
                                          \endcsname 
l.214 \letvalue{\e!stop\v!setups}
                                 \relax
The control sequence at the end of the top line
of your error message was never \def'ed. If you have
misspelled it (e.g., `\hobx'), type `I' and the correct
spelling (e.g., `I\hbox'). Otherwise just continue,
and I'll forget about whatever was undefined.

)
(/usr/local/texlive/2008/../texmf-local/tex/context/base/supp-box.tex
loading         : ConTeXt Support Macros / Boxes
)
(/usr/local/texlive/2008/../texmf-local/tex/context/base/supp-mrk.mkii
loading         : ConTeXt Support Macros / Marks
)
(/usr/local/texlive/2008/../texmf-local/tex/context/base/supp-vis.tex
loading         : ConTeXt Support Macros / Visualization
)
(/usr/local/texlive/2008/../texmf-local/tex/context/base/supp-fun.tex
loading         : ConTeXt Support Macros / Fun Stuff
)
(/usr/local/texlive/2008/../texmf-local/tex/context/base/supp-spe.mkii
loading         : ConTeXt Support Macros / Specials
)
(/usr/local/texlive/2008/../texmf-local/tex/context/base/supp-ran.mkii
loading         : ConTeXt Support Macros / Random Number Generation

(/usr/local/texlive/2008/../texmf-local/tex/context/base/thrd-ran.mkii))
(/usr/local/texlive/2008/../texmf-local/tex/context/base/supp-mps.mkii
loading         : ConTeXt Support Macros / MetaPost Inclusion
)
(/usr/local/texlive/2008/../texmf-local/tex/context/base/supp-tpi.mkii
(/usr/local/texlive/2008/../texmf-local/tex/context/base/supp-eps.mkii
loading         : ConTeXt Support Macros / EPS
)
loading         : ConTeXt Support Macros / TPIC Conversion
)
(/usr/local/texlive/2008/../texmf-local/tex/context/base/supp-mat.tex
loading         : ConTeXt Support Macros / Math
)
(/usr/local/texlive/2008/../texmf-local/tex/context/base/supp-ali.tex)
(/usr/local/texlive/2008/../texmf-local/tex/context/base/supp-num.tex
loading         : ConTeXt Support Macros / Numbers
)
(/usr/local/texlive/2008/../texmf-local/tex/context/base/verb-ini.mkii
loading         : ConTeXt Verbatim Macros / Initialization
)
(/usr/local/texlive/2008/../texmf-local/tex/context/base/page-ins.mkii
loading         : ConTeXt Core Macros / Insertions
)
(/usr/local/texlive/2008/../texmf-local/tex/context/base/core-fil.mkii
loading         : ConTeXt Core Macros / File Support
)
(/usr/local/texlive/2008/../texmf-local/tex/context/base/core-con.mkii
loading         : ConTeXt Core Macros / Conversion
! Undefined control sequence.
<argument> \??cv :\c!n 
                       :\v!one 
\setvalue #1->\expandafter \def \csname #1
                                          \endcsname 
l.776 \setvalue{\??cv:\c!n:\v!one  }
                                    {1}
The control sequence at the end of the top line
of your error message was never \def'ed. If you have
misspelled it (e.g., `\hobx'), type `I' and the correct
spelling (e.g., `I\hbox'). Otherwise just continue,
and I'll forget about whatever was undefined.

! Undefined control sequence.
<argument> \??cv :\c!n :\v!one 
                               
\setvalue #1->\expandafter \def \csname #1
                                          \endcsname 
l.776 \setvalue{\??cv:\c!n:\v!one  }
                                    {1}
The control sequence at the end of the top line
of your error message was never \def'ed. If you have
misspelled it (e.g., `\hobx'), type `I' and the correct
spelling (e.g., `I\hbox'). Otherwise just continue,
and I'll forget about whatever was undefined.

! Undefined control sequence.
<argument> \??cv :\c!n 
                       :\v!two 
\setvalue #1->\expandafter \def \csname #1
                                          \endcsname 
l.777 \setvalue{\??cv:\c!n:\v!two  }
                                    {2}
The control sequence at the end of the top line
of your error message was never \def'ed. If you have
misspelled it (e.g., `\hobx'), type `I' and the correct
spelling (e.g., `I\hbox'). Otherwise just continue,
and I'll forget about whatever was undefined.

! Undefined control sequence.
<argument> \??cv :\c!n :\v!two 
                               
\setvalue #1->\expandafter \def \csname #1
                                          \endcsname 
l.777 \setvalue{\??cv:\c!n:\v!two  }
                                    {2}
The control sequence at the end of the top line
of your error message was never \def'ed. If you have
misspelled it (e.g., `\hobx'), type `I' and the correct
spelling (e.g., `I\hbox'). Otherwise just continue,
and I'll forget about whatever was undefined.

! Undefined control sequence.
<argument> \??cv :\c!n 
                       :\v!three 
\setvalue #1->\expandafter \def \csname #1
                                          \endcsname 
l.778 \setvalue{\??cv:\c!n:\v!three}
                                    {3}
The control sequence at the end of the top line
of your error message was never \def'ed. If you have
misspelled it (e.g., `\hobx'), type `I' and the correct
spelling (e.g., `I\hbox'). Otherwise just continue,
and I'll forget about whatever was undefined.

! Undefined control sequence.
<argument> \??cv :\c!n :\v!three 
                                 
\setvalue #1->\expandafter \def \csname #1
                                          \endcsname 
l.778 \setvalue{\??cv:\c!n:\v!three}
                                    {3}
The control sequence at the end of the top line
of your error message was never \def'ed. If you have
misspelled it (e.g., `\hobx'), type `I' and the correct
spelling (e.g., `I\hbox'). Otherwise just continue,
and I'll forget about whatever was undefined.

! Undefined control sequence.
<argument> \??cv :\c!n 
                       :\v!four 
\setvalue #1->\expandafter \def \csname #1
                                          \endcsname 
l.779 \setvalue{\??cv:\c!n:\v!four }
                                    {4}
The control sequence at the end of the top line
of your error message was never \def'ed. If you have
misspelled it (e.g., `\hobx'), type `I' and the correct
spelling (e.g., `I\hbox'). Otherwise just continue,
and I'll forget about whatever was undefined.

! Undefined control sequence.
<argument> \??cv :\c!n :\v!four 
                                
\setvalue #1->\expandafter \def \csname #1
                                          \endcsname 
l.779 \setvalue{\??cv:\c!n:\v!four }
                                    {4}
The control sequence at the end of the top line
of your error message was never \def'ed. If you have
misspelled it (e.g., `\hobx'), type `I' and the correct
spelling (e.g., `I\hbox'). Otherwise just continue,
and I'll forget about whatever was undefined.

! Undefined control sequence.
<argument> \??cv :\c!n 
                       :\v!five 
\setvalue #1->\expandafter \def \csname #1
                                          \endcsname 
l.780 \setvalue{\??cv:\c!n:\v!five }
                                    {5}
The control sequence at the end of the top line
of your error message was never \def'ed. If you have
misspelled it (e.g., `\hobx'), type `I' and the correct
spelling (e.g., `I\hbox'). Otherwise just continue,
and I'll forget about whatever was undefined.

! Undefined control sequence.
<argument> \??cv :\c!n :\v!five 
                                
\setvalue #1->\expandafter \def \csname #1
                                          \endcsname 
l.780 \setvalue{\??cv:\c!n:\v!five }
                                    {5}
The control sequence at the end of the top line
of your error message was never \def'ed. If you have
misspelled it (e.g., `\hobx'), type `I' and the correct
spelling (e.g., `I\hbox'). Otherwise just continue,
and I'll forget about whatever was undefined.

! Undefined control sequence.
<argument> \??cv \v!character 
                              
\setvalue #1->\expandafter \def \csname #1
                                          \endcsname 
<argument> \setvalue {\??cv \v!character }
                                          {\character }
\secondoftwoarguments #1#2->#2
                              
\dodefineconversion ...defineconversion [][#1][#2]
                                                  \fi 
<to be read again> 
                   \defineconversion 
l.822 \defineconversion
                        [\v!Character]     [\Character]
The control sequence at the end of the top line
of your error message was never \def'ed. If you have
misspelled it (e.g., `\hobx'), type `I' and the correct
spelling (e.g., `I\hbox'). Otherwise just continue,
and I'll forget about whatever was undefined.

! Undefined control sequence.
<argument> \??cv \v!Character 
                              
\setvalue #1->\expandafter \def \csname #1
                                          \endcsname 
<argument> \setvalue {\??cv \v!Character }
                                          {\Character }
\secondoftwoarguments #1#2->#2
                              
\dodefineconversion ...defineconversion [][#1][#2]
                                                  \fi 
<to be read again> 
                   \par 
l.823 
      
The control sequence at the end of the top line
of your error message was never \def'ed. If you have
misspelled it (e.g., `\hobx'), type `I' and the correct
spelling (e.g., `I\hbox'). Otherwise just continue,
and I'll forget about whatever was undefined.

! Undefined control sequence.
<argument> \??cv \v!characters 
                               
\setvalue #1->\expandafter \def \csname #1
                                          \endcsname 
<argument> \setvalue {\??cv \v!characters }
                                           {\characters }
\secondoftwoarguments #1#2->#2
                              
\dodefineconversion ...defineconversion [][#1][#2]
                                                  \fi 
<to be read again> 
                   \defineconversion 
l.825 \defineconversion
                        [\v!Characters]    [\Characters]
The control sequence at the end of the top line
of your error message was never \def'ed. If you have
misspelled it (e.g., `\hobx'), type `I' and the correct
spelling (e.g., `I\hbox'). Otherwise just continue,
and I'll forget about whatever was undefined.

! Undefined control sequence.
<argument> \??cv \v!Characters 
                               
\setvalue #1->\expandafter \def \csname #1
                                          \endcsname 
<argument> \setvalue {\??cv \v!Characters }
                                           {\Characters }
\secondoftwoarguments #1#2->#2
                              
\dodefineconversion ...defineconversion [][#1][#2]
                                                  \fi 
<to be read again> 
                   \par 
l.826 
      
The control sequence at the end of the top line
of your error message was never \def'ed. If you have
misspelled it (e.g., `\hobx'), type `I' and the correct
spelling (e.g., `I\hbox'). Otherwise just continue,
and I'll forget about whatever was undefined.

! Undefined control sequence.
<argument> \??cv \v!numbers 
                            
\setvalue #1->\expandafter \def \csname #1
                                          \endcsname 
<argument> \setvalue {\??cv \v!numbers }
                                        {\numbers }
\secondoftwoarguments #1#2->#2
                              
\dodefineconversion ...defineconversion [][#1][#2]
                                                  \fi 
<to be read again> 
                   \defineconversion 
l.828 \defineconversion
                        [\v!Numbers]       [\Numbers]
The control sequence at the end of the top line
of your error message was never \def'ed. If you have
misspelled it (e.g., `\hobx'), type `I' and the correct
spelling (e.g., `I\hbox'). Otherwise just continue,
and I'll forget about whatever was undefined.

! Undefined control sequence.
<argument> \??cv \v!Numbers 
                            
\setvalue #1->\expandafter \def \csname #1
                                          \endcsname 
<argument> \setvalue {\??cv \v!Numbers }
                                        {\Numbers }
\secondoftwoarguments #1#2->#2
                              
\dodefineconversion ...defineconversion [][#1][#2]
                                                  \fi 
<to be read again> 
                   \defineconversion 
l.829 \defineconversion
                        [\v!mediaeval]     [\mediaeval]
The control sequence at the end of the top line
of your error message was never \def'ed. If you have
misspelled it (e.g., `\hobx'), type `I' and the correct
spelling (e.g., `I\hbox'). Otherwise just continue,
and I'll forget about whatever was undefined.

! Undefined control sequence.
<argument> \??cv \v!mediaeval 
                              
\setvalue #1->\expandafter \def \csname #1
                                          \endcsname 
<argument> \setvalue {\??cv \v!mediaeval }
                                          {\mediaeval }
\secondoftwoarguments #1#2->#2
                              
\dodefineconversion ...defineconversion [][#1][#2]
                                                  \fi 
<to be read again> 
                   \par 
l.830 
      
The control sequence at the end of the top line
of your error message was never \def'ed. If you have
misspelled it (e.g., `\hobx'), type `I' and the correct
spelling (e.g., `I\hbox'). Otherwise just continue,
and I'll forget about whatever was undefined.

! Undefined control sequence.
<argument> \??cv \v!romannumerals 
                                  
\setvalue #1->\expandafter \def \csname #1
                                          \endcsname 
<argument> \setvalue {\??cv \v!romannumerals }
                                              {\romannumerals }
\secondoftwoarguments #1#2->#2
                              
\dodefineconversion ...defineconversion [][#1][#2]
                                                  \fi 
<to be read again> 
                   \defineconversion 
l.832 \defineconversion
                        [\v!Romannumerals] [\Romannumerals]
The control sequence at the end of the top line
of your error message was never \def'ed. If you have
misspelled it (e.g., `\hobx'), type `I' and the correct
spelling (e.g., `I\hbox'). Otherwise just continue,
and I'll forget about whatever was undefined.

! Undefined control sequence.
<argument> \??cv \v!Romannumerals 
                                  
\setvalue #1->\expandafter \def \csname #1
                                          \endcsname 
<argument> \setvalue {\??cv \v!Romannumerals }
                                              {\Romannumerals }
\secondoftwoarguments #1#2->#2
                              
\dodefineconversion ...defineconversion [][#1][#2]
                                                  \fi 
<to be read again> 
                   \par 
l.833 
      
The control sequence at the end of the top line
of your error message was never \def'ed. If you have
misspelled it (e.g., `\hobx'), type `I' and the correct
spelling (e.g., `I\hbox'). Otherwise just continue,
and I'll forget about whatever was undefined.

! Undefined control sequence.
<argument> \??cv \v!greek 
                          
\setvalue #1->\expandafter \def \csname #1
                                          \endcsname 
<argument> \setvalue {\??cv \v!greek }
                                      {\greeknumerals }
\secondoftwoarguments #1#2->#2
                              
\dodefineconversion ...defineconversion [][#1][#2]
                                                  \fi 
<to be read again> 
                   \defineconversion 
l.835 \defineconversion
                        [\v!Greek]         [\Greeknumerals]
The control sequence at the end of the top line
of your error message was never \def'ed. If you have
misspelled it (e.g., `\hobx'), type `I' and the correct
spelling (e.g., `I\hbox'). Otherwise just continue,
and I'll forget about whatever was undefined.

! Undefined control sequence.
<argument> \??cv \v!Greek 
                          
\setvalue #1->\expandafter \def \csname #1
                                          \endcsname 
<argument> \setvalue {\??cv \v!Greek }
                                      {\Greeknumerals }
\secondoftwoarguments #1#2->#2
                              
\dodefineconversion ...defineconversion [][#1][#2]
                                                  \fi 
<to be read again> 
                   \par 
l.836 
      
The control sequence at the end of the top line
of your error message was never \def'ed. If you have
misspelled it (e.g., `\hobx'), type `I' and the correct
spelling (e.g., `I\hbox'). Otherwise just continue,
and I'll forget about whatever was undefined.

! Undefined control sequence.
<argument> \??cv \v!empty 
                          
\setvalue #1->\expandafter \def \csname #1
                                          \endcsname 
<argument> \setvalue {\??cv \v!empty }
                                      {\gobbleoneargument }
\secondoftwoarguments #1#2->#2
                              
\dodefineconversion ...defineconversion [][#1][#2]
                                                  \fi 
<to be read again> 
                   \defineconversion 
l.846 \defineconversion
                        [\v!none]          [\numbers]
The control sequence at the end of the top line
of your error message was never \def'ed. If you have
misspelled it (e.g., `\hobx'), type `I' and the correct
spelling (e.g., `I\hbox'). Otherwise just continue,
and I'll forget about whatever was undefined.

! Undefined control sequence.
<argument> \??cv \v!none 
                         
\setvalue #1->\expandafter \def \csname #1
                                          \endcsname 
<argument> \setvalue {\??cv \v!none }
                                     {\numbers }
\secondoftwoarguments #1#2->#2
                              
\dodefineconversion ...defineconversion [][#1][#2]
                                                  \fi 
<to be read again> 
                   \par 
l.847 
      
The control sequence at the end of the top line
of your error message was never \def'ed. If you have
misspelled it (e.g., `\hobx'), type `I' and the correct
spelling (e.g., `I\hbox'). Otherwise just continue,
and I'll forget about whatever was undefined.

)
(/usr/local/texlive/2008/../texmf-local/tex/context/base/cont-fil.tex
loading         : ConTeXt File Synonyms
)
(/usr/local/texlive/2008/../texmf-local/tex/context/base/thrd-tab.tex)
(/usr/local/texlive/2008/../texmf-local/tex/context/base/supp-pat.mkii
loading         : ConTeXt Support Macros / Patterns
)
(/usr/local/texlive/2008/../texmf-local/tex/context/base/regi-ini.mkii)
(/usr/local/texlive/2008/../texmf-local/tex/context/base/regi-syn.tex
loading         : ConTeXt Regime Macros / Synonyms
)
(/usr/local/texlive/2008/../texmf-local/tex/context/base/enco-ini.mkii
loading         : ConTeXt Encoding Macros / Initialization
! Undefined control sequence.
<argument> \c!file 
                   \f!encodingprefix def
\doifundefined #1->\edef \p!defined {#1
                                       }\ifcsname \detokenize \@EA {\p!defin...

\douseencoding ...d {\c!file \f!encodingprefix #1}
                                                  {\letvalue {\c!file \f!enc...

\next1 #1,->\douseencoding {#1}
                               \doprocesscommaitem 
\doprocesscommalist ...item \gobbleoneargument #1,
                                                  ]\relax \global \advance \...
l.1120 \useencoding[def]
                         % defaults (partly simplified)
The control sequence at the end of the top line
of your error message was never \def'ed. If you have
misspelled it (e.g., `\hobx'), type `I' and the correct
spelling (e.g., `I\hbox'). Otherwise just continue,
and I'll forget about whatever was undefined.

! Undefined control sequence.
<argument> \c!file 
                   \f!encodingprefix def
\letvalue #1->\expandafter \let \csname #1
                                          \endcsname 
<argument> ...alue {\c!file \f!encodingprefix def}
                                                  \empty \makeshortfilename ...

\firstofoneargument #1->#1
                          
\next1 #1,->\douseencoding {#1}
                               \doprocesscommaitem 
\doprocesscommalist ...item \gobbleoneargument #1,
                                                  ]\relax \global \advance \...
l.1120 \useencoding[def]
                         % defaults (partly simplified)
The control sequence at the end of the top line
of your error message was never \def'ed. If you have
misspelled it (e.g., `\hobx'), type `I' and the correct
spelling (e.g., `I\hbox'). Otherwise just continue,
and I'll forget about whatever was undefined.

\@@msencodingstitle                : \@@msencodings2 def

(/usr/local/texlive/2008/../texmf-local/tex/context/base/enco-def.mkii)
! Undefined control sequence.
<argument> \c!file 
                   \f!encodingprefix acc
\doifundefined #1->\edef \p!defined {#1
                                       }\ifcsname \detokenize \@EA {\p!defin...

\douseencoding ...d {\c!file \f!encodingprefix #1}
                                                  {\letvalue {\c!file \f!enc...

\next1 #1,->\douseencoding {#1}
                               \doprocesscommaitem 
\doprocesscommalist ...item \gobbleoneargument #1,
                                                  ]\relax \global \advance \...
l.1121 \useencoding[acc]
                         % accent commands
The control sequence at the end of the top line
of your error message was never \def'ed. If you have
misspelled it (e.g., `\hobx'), type `I' and the correct
spelling (e.g., `I\hbox'). Otherwise just continue,
and I'll forget about whatever was undefined.

! Undefined control sequence.
<argument> \c!file 
                   \f!encodingprefix acc
\letvalue #1->\expandafter \let \csname #1
                                          \endcsname 
<argument> ...alue {\c!file \f!encodingprefix acc}
                                                  \empty \makeshortfilename ...

\firstofoneargument #1->#1
                          
\next1 #1,->\douseencoding {#1}
                               \doprocesscommaitem 
\doprocesscommalist ...item \gobbleoneargument #1,
                                                  ]\relax \global \advance \...
l.1121 \useencoding[acc]
                         % accent commands
The control sequence at the end of the top line
of your error message was never \def'ed. If you have
misspelled it (e.g., `\hobx'), type `I' and the correct
spelling (e.g., `I\hbox'). Otherwise just continue,
and I'll forget about whatever was undefined.

\@@msencodingstitle                : \@@msencodings2 acc

(/usr/local/texlive/2008/../texmf-local/tex/context/base/enco-acc.mkii)
! Undefined control sequence.
<argument> \c!file 
                   \f!encodingprefix raw
\doifundefined #1->\edef \p!defined {#1
                                       }\ifcsname \detokenize \@EA {\p!defin...

\douseencoding ...d {\c!file \f!encodingprefix #1}
                                                  {\letvalue {\c!file \f!enc...

\next1 #1,->\douseencoding {#1}
                               \doprocesscommaitem 
\doprocesscommalist ...item \gobbleoneargument #1,
                                                  ]\relax \global \advance \...
l.1122 \useencoding[raw]
                         % simplified (incomplete)
The control sequence at the end of the top line
of your error message was never \def'ed. If you have
misspelled it (e.g., `\hobx'), type `I' and the correct
spelling (e.g., `I\hbox'). Otherwise just continue,
and I'll forget about whatever was undefined.

! Undefined control sequence.
<argument> \c!file 
                   \f!encodingprefix raw
\letvalue #1->\expandafter \let \csname #1
                                          \endcsname 
<argument> ...alue {\c!file \f!encodingprefix raw}
                                                  \empty \makeshortfilename ...

\firstofoneargument #1->#1
                          
\next1 #1,->\douseencoding {#1}
                               \doprocesscommaitem 
\doprocesscommalist ...item \gobbleoneargument #1,
                                                  ]\relax \global \advance \...
l.1122 \useencoding[raw]
                         % simplified (incomplete)
The control sequence at the end of the top line
of your error message was never \def'ed. If you have
misspelled it (e.g., `\hobx'), type `I' and the correct
spelling (e.g., `I\hbox'). Otherwise just continue,
and I'll forget about whatever was undefined.

\@@msencodingstitle                : \@@msencodings2 raw

(/usr/local/texlive/2008/../texmf-local/tex/context/base/enco-raw.mkii)
! Undefined control sequence.
<argument> \c!file 
                   \f!encodingprefix com
\doifundefined #1->\edef \p!defined {#1
                                       }\ifcsname \detokenize \@EA {\p!defin...

\douseencoding ...d {\c!file \f!encodingprefix #1}
                                                  {\letvalue {\c!file \f!enc...

\next1 #1,->\douseencoding {#1}
                               \doprocesscommaitem 
\doprocesscommalist ...item \gobbleoneargument #1,
                                                  ]\relax \global \advance \...
l.1123 \useencoding[com]
                         % a few commands
The control sequence at the end of the top line
of your error message was never \def'ed. If you have
misspelled it (e.g., `\hobx'), type `I' and the correct
spelling (e.g., `I\hbox'). Otherwise just continue,
and I'll forget about whatever was undefined.

! Undefined control sequence.
<argument> \c!file 
                   \f!encodingprefix com
\letvalue #1->\expandafter \let \csname #1
                                          \endcsname 
<argument> ...alue {\c!file \f!encodingprefix com}
                                                  \empty \makeshortfilename ...

\firstofoneargument #1->#1
                          
\next1 #1,->\douseencoding {#1}
                               \doprocesscommaitem 
\doprocesscommalist ...item \gobbleoneargument #1,
                                                  ]\relax \global \advance \...
l.1123 \useencoding[com]
                         % a few commands
The control sequence at the end of the top line
of your error message was never \def'ed. If you have
misspelled it (e.g., `\hobx'), type `I' and the correct
spelling (e.g., `I\hbox'). Otherwise just continue,
and I'll forget about whatever was undefined.

\@@msencodingstitle                : \@@msencodings2 com

(/usr/local/texlive/2008/../texmf-local/tex/context/base/enco-com.mkii)
! Undefined control sequence.
<argument> \c!file 
                   \f!encodingprefix cas
\doifundefined #1->\edef \p!defined {#1
                                       }\ifcsname \detokenize \@EA {\p!defin...

\douseencoding ...d {\c!file \f!encodingprefix #1}
                                                  {\letvalue {\c!file \f!enc...

\next1 #1,->\douseencoding {#1}
                               \doprocesscommaitem 
\doprocesscommalist ...item \gobbleoneargument #1,
                                                  ]\relax \global \advance \...
l.1124 \useencoding[cas]
                         % case mapping, not needed in mkiv
The control sequence at the end of the top line
of your error message was never \def'ed. If you have
misspelled it (e.g., `\hobx'), type `I' and the correct
spelling (e.g., `I\hbox'). Otherwise just continue,
and I'll forget about whatever was undefined.

! Undefined control sequence.
<argument> \c!file 
                   \f!encodingprefix cas
\letvalue #1->\expandafter \let \csname #1
                                          \endcsname 
<argument> ...alue {\c!file \f!encodingprefix cas}
                                                  \empty \makeshortfilename ...

\firstofoneargument #1->#1
                          
\next1 #1,->\douseencoding {#1}
                               \doprocesscommaitem 
\doprocesscommalist ...item \gobbleoneargument #1,
                                                  ]\relax \global \advance \...
l.1124 \useencoding[cas]
                         % case mapping, not needed in mkiv
The control sequence at the end of the top line
of your error message was never \def'ed. If you have
misspelled it (e.g., `\hobx'), type `I' and the correct
spelling (e.g., `I\hbox'). Otherwise just continue,
and I'll forget about whatever was undefined.

\@@msencodingstitle                : \@@msencodings2 cas

(/usr/local/texlive/2008/../texmf-local/tex/context/base/enco-cas.mkii)
! Undefined control sequence.
<argument> \c!file 
                   \f!encodingprefix mis
\doifundefined #1->\edef \p!defined {#1
                                       }\ifcsname \detokenize \@EA {\p!defin...

\douseencoding ...d {\c!file \f!encodingprefix #1}
                                                  {\letvalue {\c!file \f!enc...

\next1 #1,->\douseencoding {#1}
                               \doprocesscommaitem 
\doprocesscommalist ...item \gobbleoneargument #1,
                                                  ]\relax \global \advance \...
l.1125 \useencoding[mis]
                         % a few commands
The control sequence at the end of the top line
of your error message was never \def'ed. If you have
misspelled it (e.g., `\hobx'), type `I' and the correct
spelling (e.g., `I\hbox'). Otherwise just continue,
and I'll forget about whatever was undefined.

! Undefined control sequence.
<argument> \c!file 
                   \f!encodingprefix mis
\letvalue #1->\expandafter \let \csname #1
                                          \endcsname 
<argument> ...alue {\c!file \f!encodingprefix mis}
                                                  \empty \makeshortfilename ...

\firstofoneargument #1->#1
                          
\next1 #1,->\douseencoding {#1}
                               \doprocesscommaitem 
\doprocesscommalist ...item \gobbleoneargument #1,
                                                  ]\relax \global \advance \...
l.1125 \useencoding[mis]
                         % a few commands
The control sequence at the end of the top line
of your error message was never \def'ed. If you have
misspelled it (e.g., `\hobx'), type `I' and the correct
spelling (e.g., `I\hbox'). Otherwise just continue,
and I'll forget about whatever was undefined.

\@@msencodingstitle                : \@@msencodings2 mis

(/usr/local/texlive/2008/../texmf-local/tex/context/base/enco-mis.mkii))
(/usr/local/texlive/2008/../texmf-local/tex/context/base/hand-ini.mkii
! Undefined control sequence.
<argument> \c!file 
                   \f!handlingprefix def
\doifundefined #1->\edef \p!defined {#1
                                       }\ifcsname \detokenize \@EA {\p!defin...

\dousehandling ...d {\c!file \f!handlingprefix #1}
                                                  {\letvalueempty {\c!file \...

\next1 #1,->\dousehandling {#1}
                               \doprocesscommaitem 
\doprocesscommalist ...item \gobbleoneargument #1,
                                                  ]\relax \global \advance \...
l.481 \usehandling [def]
                        
The control sequence at the end of the top line
of your error message was never \def'ed. If you have
misspelled it (e.g., `\hobx'), type `I' and the correct
spelling (e.g., `I\hbox'). Otherwise just continue,
and I'll forget about whatever was undefined.

! Undefined control sequence.
<argument> \c!file 
                   \f!handlingprefix def
\letvalueempty #1->\expandafter \let \csname #1
                                               \endcsname \empty 
<argument> ...mpty {\c!file \f!handlingprefix def}
                                                  \makeshortfilename [\truef...

\firstofoneargument #1->#1
                          
\next1 #1,->\dousehandling {#1}
                               \doprocesscommaitem 
\doprocesscommalist ...item \gobbleoneargument #1,
                                                  ]\relax \global \advance \...
l.481 \usehandling [def]
                        
The control sequence at the end of the top line
of your error message was never \def'ed. If you have
misspelled it (e.g., `\hobx'), type `I' and the correct
spelling (e.g., `I\hbox'). Otherwise just continue,
and I'll forget about whatever was undefined.

\@@mshandlingstitle                : \@@mshandlings2 def

(/usr/local/texlive/2008/../texmf-local/tex/context/base/hand-def.mkii
! Undefined control sequence.
<argument> \c!type 
                   =\v!hanging 
\xprocesscommaitem #1,#2->\if ,#1
                                 ,\@EA \xprocesscommaitem \else \if ]#1\@EAE...
<argument> \c!type =\v!hanging ,\c!left 
                                        =1,\c!right =1,\c!min =20,\c!max =20...

\xdogetparameters #1]->\xprocesscommaitem #1
                                            ,],\@relax@ 
\dodefinefonthandling ...!step =5,\c!factor =1,#3]
                                                  \else \setvalue {\@fha@ \@...
l.492 ...                     [\c!type=\v!hanging]
                                                  
The control sequence at the end of the top line
of your error message was never \def'ed. If you have
misspelled it (e.g., `\hobx'), type `I' and the correct
spelling (e.g., `I\hbox'). Otherwise just continue,
and I'll forget about whatever was undefined.

! Undefined control sequence.
<argument> \c!type 
                   =\v!hanging 
\xprocesscommaitem ...ocesscommaitem \else \if ]#1
                                                  \@EAEAEA \gobbleoneargumen...
<argument> \c!type =\v!hanging ,\c!left 
                                        =1,\c!right =1,\c!min =20,\c!max =20...

\xdogetparameters #1]->\xprocesscommaitem #1
                                            ,],\@relax@ 
\dodefinefonthandling ...!step =5,\c!factor =1,#3]
                                                  \else \setvalue {\@fha@ \@...
l.492 ...                     [\c!type=\v!hanging]
                                                  
The control sequence at the end of the top line
of your error message was never \def'ed. If you have
misspelled it (e.g., `\hobx'), type `I' and the correct
spelling (e.g., `I\hbox'). Otherwise just continue,
and I'll forget about whatever was undefined.

! Undefined control sequence.
<argument> \c!type 
                   
\dosetvalue #1#2->\@EA \def \csname #1#2
                                        \endcsname 
\p!doassign ...r \else \@EAEAEA #1\fi \fi {#2}{#3}
                                                  {#4}
\xprocesscommaitem ...@relax@ #1==\empty \@relax@ 
                                                  \@EAEAEA \xprocesscommaite...
<argument> \c!type =\v!hanging ,\c!left 
                                        =1,\c!right =1,\c!min =20,\c!max =20...

\xdogetparameters #1]->\xprocesscommaitem #1
                                            ,],\@relax@ 
...
l.492 ...                     [\c!type=\v!hanging]
                                                  
The control sequence at the end of the top line
of your error message was never \def'ed. If you have
misspelled it (e.g., `\hobx'), type `I' and the correct
spelling (e.g., `I\hbox'). Otherwise just continue,
and I'll forget about whatever was undefined.

! Undefined control sequence.
<argument> \c!left 
                   =1
\xprocesscommaitem #1,#2->\if ,#1
                                 ,\@EA \xprocesscommaitem \else \if ]#1\@EAE...
<argument> ...pe =\v!hanging ,\c!left =1,\c!right 
                                                  =1,\c!min =20,\c!max =20,\...

\xdogetparameters #1]->\xprocesscommaitem #1
                                            ,],\@relax@ 
\dodefinefonthandling ...!step =5,\c!factor =1,#3]
                                                  \else \setvalue {\@fha@ \@...
l.492 ...                     [\c!type=\v!hanging]
                                                  
The control sequence at the end of the top line
of your error message was never \def'ed. If you have
misspelled it (e.g., `\hobx'), type `I' and the correct
spelling (e.g., `I\hbox'). Otherwise just continue,
and I'll forget about whatever was undefined.

! Undefined control sequence.
<argument> \c!left 
                   =1
\xprocesscommaitem ...ocesscommaitem \else \if ]#1
                                                  \@EAEAEA \gobbleoneargumen...
<argument> ...pe =\v!hanging ,\c!left =1,\c!right 
                                                  =1,\c!min =20,\c!max =20,\...

\xdogetparameters #1]->\xprocesscommaitem #1
                                            ,],\@relax@ 
\dodefinefonthandling ...!step =5,\c!factor =1,#3]
                                                  \else \setvalue {\@fha@ \@...
l.492 ...                     [\c!type=\v!hanging]
                                                  
The control sequence at the end of the top line
of your error message was never \def'ed. If you have
misspelled it (e.g., `\hobx'), type `I' and the correct
spelling (e.g., `I\hbox'). Otherwise just continue,
and I'll forget about whatever was undefined.

! Undefined control sequence.
<argument> \c!left 
                   
\dosetvalue #1#2->\@EA \def \csname #1#2
                                        \endcsname 
\p!doassign ...r \else \@EAEAEA #1\fi \fi {#2}{#3}
                                                  {#4}
\xprocesscommaitem ...@relax@ #1==\empty \@relax@ 
                                                  \@EAEAEA \xprocesscommaite...
<argument> ...pe =\v!hanging ,\c!left =1,\c!right 
                                                  =1,\c!min =20,\c!max =20,\...

\xdogetparameters #1]->\xprocesscommaitem #1
                                            ,],\@relax@ 
...
l.492 ...                     [\c!type=\v!hanging]
                                                  
The control sequence at the end of the top line
of your error message was never \def'ed. If you have
misspelled it (e.g., `\hobx'), type `I' and the correct
spelling (e.g., `I\hbox'). Otherwise just continue,
and I'll forget about whatever was undefined.

! Undefined control sequence.
<argument> \c!right 
                    =1
\xprocesscommaitem #1,#2->\if ,#1
                                 ,\@EA \xprocesscommaitem \else \if ]#1\@EAE...
<argument> ...ging ,\c!left =1,\c!right =1,\c!min 
                                                  =20,\c!max =20,\c!step =5,...

\xdogetparameters #1]->\xprocesscommaitem #1
                                            ,],\@relax@ 
\dodefinefonthandling ...!step =5,\c!factor =1,#3]
                                                  \else \setvalue {\@fha@ \@...
l.492 ...                     [\c!type=\v!hanging]
                                                  
The control sequence at the end of the top line
of your error message was never \def'ed. If you have
misspelled it (e.g., `\hobx'), type `I' and the correct
spelling (e.g., `I\hbox'). Otherwise just continue,
and I'll forget about whatever was undefined.

! Undefined control sequence.
<argument> \c!right 
                    =1
\xprocesscommaitem ...ocesscommaitem \else \if ]#1
                                                  \@EAEAEA \gobbleoneargumen...
<argument> ...ging ,\c!left =1,\c!right =1,\c!min 
                                                  =20,\c!max =20,\c!step =5,...

\xdogetparameters #1]->\xprocesscommaitem #1
                                            ,],\@relax@ 
\dodefinefonthandling ...!step =5,\c!factor =1,#3]
                                                  \else \setvalue {\@fha@ \@...
l.492 ...                     [\c!type=\v!hanging]
                                                  
The control sequence at the end of the top line
of your error message was never \def'ed. If you have
misspelled it (e.g., `\hobx'), type `I' and the correct
spelling (e.g., `I\hbox'). Otherwise just continue,
and I'll forget about whatever was undefined.

! Undefined control sequence.
<argument> \c!right 
                    
\dosetvalue #1#2->\@EA \def \csname #1#2
                                        \endcsname 
\p!doassign ...r \else \@EAEAEA #1\fi \fi {#2}{#3}
                                                  {#4}
\xprocesscommaitem ...@relax@ #1==\empty \@relax@ 
                                                  \@EAEAEA \xprocesscommaite...
<argument> ...ging ,\c!left =1,\c!right =1,\c!min 
                                                  =20,\c!max =20,\c!step =5,...

\xdogetparameters #1]->\xprocesscommaitem #1
                                            ,],\@relax@ 
...
l.492 ...                     [\c!type=\v!hanging]
                                                  
The control sequence at the end of the top line
of your error message was never \def'ed. If you have
misspelled it (e.g., `\hobx'), type `I' and the correct
spelling (e.g., `I\hbox'). Otherwise just continue,
and I'll forget about whatever was undefined.

! Undefined control sequence.
<argument> \c!min 
                  =20
\xprocesscommaitem #1,#2->\if ,#1
                                 ,\@EA \xprocesscommaitem \else \if ]#1\@EAE...
<argument> ...ft =1,\c!right =1,\c!min =20,\c!max 
                                                  =20,\c!step =5,\c!factor =...

\xdogetparameters #1]->\xprocesscommaitem #1
                                            ,],\@relax@ 
\dodefinefonthandling ...!step =5,\c!factor =1,#3]
                                                  \else \setvalue {\@fha@ \@...
l.492 ...                     [\c!type=\v!hanging]
                                                  
The control sequence at the end of the top line
of your error message was never \def'ed. If you have
misspelled it (e.g., `\hobx'), type `I' and the correct
spelling (e.g., `I\hbox'). Otherwise just continue,
and I'll forget about whatever was undefined.

! Undefined control sequence.
<argument> \c!min 
                  =20
\xprocesscommaitem ...ocesscommaitem \else \if ]#1
                                                  \@EAEAEA \gobbleoneargumen...
<argument> ...ft =1,\c!right =1,\c!min =20,\c!max 
                                                  =20,\c!step =5,\c!factor =...

\xdogetparameters #1]->\xprocesscommaitem #1
                                            ,],\@relax@ 
\dodefinefonthandling ...!step =5,\c!factor =1,#3]
                                                  \else \setvalue {\@fha@ \@...
l.492 ...                     [\c!type=\v!hanging]
                                                  
The control sequence at the end of the top line
of your error message was never \def'ed. If you have
misspelled it (e.g., `\hobx'), type `I' and the correct
spelling (e.g., `I\hbox'). Otherwise just continue,
and I'll forget about whatever was undefined.

! Undefined control sequence.
<argument> \c!min 
                  
\dosetvalue #1#2->\@EA \def \csname #1#2
                                        \endcsname 
\p!doassign ...r \else \@EAEAEA #1\fi \fi {#2}{#3}
                                                  {#4}
\xprocesscommaitem ...@relax@ #1==\empty \@relax@ 
                                                  \@EAEAEA \xprocesscommaite...
<argument> ...ft =1,\c!right =1,\c!min =20,\c!max 
                                                  =20,\c!step =5,\c!factor =...

\xdogetparameters #1]->\xprocesscommaitem #1
                                            ,],\@relax@ 
...
l.492 ...                     [\c!type=\v!hanging]
                                                  
The control sequence at the end of the top line
of your error message was never \def'ed. If you have
misspelled it (e.g., `\hobx'), type `I' and the correct
spelling (e.g., `I\hbox'). Otherwise just continue,
and I'll forget about whatever was undefined.

! Undefined control sequence.
<argument> \c!max 
                  =20
\xprocesscommaitem #1,#2->\if ,#1
                                 ,\@EA \xprocesscommaitem \else \if ]#1\@EAE...
<argument> ...ht =1,\c!min =20,\c!max =20,\c!step 
                                                  =5,\c!factor =1,\c!type =\...

\xdogetparameters #1]->\xprocesscommaitem #1
                                            ,],\@relax@ 
\dodefinefonthandling ...!step =5,\c!factor =1,#3]
                                                  \else \setvalue {\@fha@ \@...
l.492 ...                     [\c!type=\v!hanging]
                                                  
The control sequence at the end of the top line
of your error message was never \def'ed. If you have
misspelled it (e.g., `\hobx'), type `I' and the correct
spelling (e.g., `I\hbox'). Otherwise just continue,
and I'll forget about whatever was undefined.

! Undefined control sequence.
<argument> \c!max 
                  =20
\xprocesscommaitem ...ocesscommaitem \else \if ]#1
                                                  \@EAEAEA \gobbleoneargumen...
<argument> ...ht =1,\c!min =20,\c!max =20,\c!step 
                                                  =5,\c!factor =1,\c!type =\...

\xdogetparameters #1]->\xprocesscommaitem #1
                                            ,],\@relax@ 
\dodefinefonthandling ...!step =5,\c!factor =1,#3]
                                                  \else \setvalue {\@fha@ \@...
l.492 ...                     [\c!type=\v!hanging]
                                                  
The control sequence at the end of the top line
of your error message was never \def'ed. If you have
misspelled it (e.g., `\hobx'), type `I' and the correct
spelling (e.g., `I\hbox'). Otherwise just continue,
and I'll forget about whatever was undefined.

! Undefined control sequence.
<argument> \c!max 
                  
\dosetvalue #1#2->\@EA \def \csname #1#2
                                        \endcsname 
\p!doassign ...r \else \@EAEAEA #1\fi \fi {#2}{#3}
                                                  {#4}
\xprocesscommaitem ...@relax@ #1==\empty \@relax@ 
                                                  \@EAEAEA \xprocesscommaite...
<argument> ...ht =1,\c!min =20,\c!max =20,\c!step 
                                                  =5,\c!factor =1,\c!type =\...

\xdogetparameters #1]->\xprocesscommaitem #1
                                            ,],\@relax@ 
...
l.492 ...                     [\c!type=\v!hanging]
                                                  
The control sequence at the end of the top line
of your error message was never \def'ed. If you have
misspelled it (e.g., `\hobx'), type `I' and the correct
spelling (e.g., `I\hbox'). Otherwise just continue,
and I'll forget about whatever was undefined.

! Undefined control sequence.
<argument> \c!step 
                   =5
\xprocesscommaitem #1,#2->\if ,#1
                                 ,\@EA \xprocesscommaitem \else \if ]#1\@EAE...
<argument> ...=20,\c!max =20,\c!step =5,\c!factor 
                                                  =1,\c!type =\v!hanging 
\xdogetparameters #1]->\xprocesscommaitem #1
                                            ,],\@relax@ 
\dodefinefonthandling ...!step =5,\c!factor =1,#3]
                                                  \else \setvalue {\@fha@ \@...
l.492 ...                     [\c!type=\v!hanging]
                                                  
The control sequence at the end of the top line
of your error message was never \def'ed. If you have
misspelled it (e.g., `\hobx'), type `I' and the correct
spelling (e.g., `I\hbox'). Otherwise just continue,
and I'll forget about whatever was undefined.

! Undefined control sequence.
<argument> \c!step 
                   =5
\xprocesscommaitem ...ocesscommaitem \else \if ]#1
                                                  \@EAEAEA \gobbleoneargumen...
<argument> ...=20,\c!max =20,\c!step =5,\c!factor 
                                                  =1,\c!type =\v!hanging 
\xdogetparameters #1]->\xprocesscommaitem #1
                                            ,],\@relax@ 
\dodefinefonthandling ...!step =5,\c!factor =1,#3]
                                                  \else \setvalue {\@fha@ \@...
l.492 ...                     [\c!type=\v!hanging]
                                                  
The control sequence at the end of the top line
of your error message was never \def'ed. If you have
misspelled it (e.g., `\hobx'), type `I' and the correct
spelling (e.g., `I\hbox'). Otherwise just continue,
and I'll forget about whatever was undefined.

! Undefined control sequence.
<argument> \c!step 
                   
\dosetvalue #1#2->\@EA \def \csname #1#2
                                        \endcsname 
\p!doassign ...r \else \@EAEAEA #1\fi \fi {#2}{#3}
                                                  {#4}
\xprocesscommaitem ...@relax@ #1==\empty \@relax@ 
                                                  \@EAEAEA \xprocesscommaite...
<argument> ...=20,\c!max =20,\c!step =5,\c!factor 
                                                  =1,\c!type =\v!hanging 
\xdogetparameters #1]->\xprocesscommaitem #1
                                            ,],\@relax@ 
...
l.492 ...                     [\c!type=\v!hanging]
                                                  
The control sequence at the end of the top line
of your error message was never \def'ed. If you have
misspelled it (e.g., `\hobx'), type `I' and the correct
spelling (e.g., `I\hbox'). Otherwise just continue,
and I'll forget about whatever was undefined.

! Undefined control sequence.
<argument> \c!factor 
                     =1
\xprocesscommaitem #1,#2->\if ,#1
                                 ,\@EA \xprocesscommaitem \else \if ]#1\@EAE...
<argument> ...=20,\c!step =5,\c!factor =1,\c!type 
                                                  =\v!hanging 
\xdogetparameters #1]->\xprocesscommaitem #1
                                            ,],\@relax@ 
\dodefinefonthandling ...!step =5,\c!factor =1,#3]
                                                  \else \setvalue {\@fha@ \@...
l.492 ...                     [\c!type=\v!hanging]
                                                  
The control sequence at the end of the top line
of your error message was never \def'ed. If you have
misspelled it (e.g., `\hobx'), type `I' and the correct
spelling (e.g., `I\hbox'). Otherwise just continue,
and I'll forget about whatever was undefined.

! Undefined control sequence.
<argument> \c!factor 
                     =1
\xprocesscommaitem ...ocesscommaitem \else \if ]#1
                                                  \@EAEAEA \gobbleoneargumen...
<argument> ...=20,\c!step =5,\c!factor =1,\c!type 
                                                  =\v!hanging 
\xdogetparameters #1]->\xprocesscommaitem #1
                                            ,],\@relax@ 
\dodefinefonthandling ...!step =5,\c!factor =1,#3]
                                                  \else \setvalue {\@fha@ \@...
l.492 ...                     [\c!type=\v!hanging]
                                                  
The control sequence at the end of the top line
of your error message was never \def'ed. If you have
misspelled it (e.g., `\hobx'), type `I' and the correct
spelling (e.g., `I\hbox'). Otherwise just continue,
and I'll forget about whatever was undefined.

! Undefined control sequence.
<argument> \c!factor 
                     
\dosetvalue #1#2->\@EA \def \csname #1#2
                                        \endcsname 
\p!doassign ...r \else \@EAEAEA #1\fi \fi {#2}{#3}
                                                  {#4}
\xprocesscommaitem ...@relax@ #1==\empty \@relax@ 
                                                  \@EAEAEA \xprocesscommaite...
<argument> ...=20,\c!step =5,\c!factor =1,\c!type 
                                                  =\v!hanging 
\xdogetparameters #1]->\xprocesscommaitem #1
                                            ,],\@relax@ 
...
l.492 ...                     [\c!type=\v!hanging]
                                                  
The control sequence at the end of the top line
of your error message was never \def'ed. If you have
misspelled it (e.g., `\hobx'), type `I' and the correct
spelling (e.g., `I\hbox'). Otherwise just continue,
and I'll forget about whatever was undefined.

! Undefined control sequence.
<argument> \c!type 
                   =\v!hanging 
\xprocesscommaitem #1,#2->\if ,#1
                                 ,\@EA \xprocesscommaitem \else \if ]#1\@EAE...

\xdogetparameters #1]->\xprocesscommaitem #1,]
                                              ,\@relax@ 
\dodefinefonthandling ...!step =5,\c!factor =1,#3]
                                                  \else \setvalue {\@fha@ \@...
l.492 ...                     [\c!type=\v!hanging]
                                                  
The control sequence at the end of the top line
of your error message was never \def'ed. If you have
misspelled it (e.g., `\hobx'), type `I' and the correct
spelling (e.g., `I\hbox'). Otherwise just continue,
and I'll forget about whatever was undefined.

! Undefined control sequence.
<argument> \c!type 
                   =\v!hanging 
\xprocesscommaitem ...ocesscommaitem \else \if ]#1
                                                  \@EAEAEA \gobbleoneargumen...

\xdogetparameters #1]->\xprocesscommaitem #1,]
                                              ,\@relax@ 
\dodefinefonthandling ...!step =5,\c!factor =1,#3]
                                                  \else \setvalue {\@fha@ \@...
l.492 ...                     [\c!type=\v!hanging]
                                                  
The control sequence at the end of the top line
of your error message was never \def'ed. If you have
misspelled it (e.g., `\hobx'), type `I' and the correct
spelling (e.g., `I\hbox'). Otherwise just continue,
and I'll forget about whatever was undefined.

! Undefined control sequence.
<argument> \c!type 
                   
\dosetvalue #1#2->\@EA \def \csname #1#2
                                        \endcsname 
\p!doassign ...r \else \@EAEAEA #1\fi \fi {#2}{#3}
                                                  {#4}
\xprocesscommaitem ...@relax@ #1==\empty \@relax@ 
                                                  \@EAEAEA \xprocesscommaite...

\xdogetparameters #1]->\xprocesscommaitem #1,]
                                              ,\@relax@ 
\dodefinefonthandling ...!step =5,\c!factor =1,#3]
                                                  \else \setvalue {\@fha@ \@...
l.492 ...                     [\c!type=\v!hanging]
                                                  
The control sequence at the end of the top line
of your error message was never \def'ed. If you have
misspelled it (e.g., `\hobx'), type `I' and the correct
spelling (e.g., `I\hbox'). Otherwise just continue,
and I'll forget about whatever was undefined.

! Undefined control sequence.
<argument> \c!type 
                   =\v!hanging 
\xprocesscommaitem #1,#2->\if ,#1
                                 ,\@EA \xprocesscommaitem \else \if ]#1\@EAE...
<argument> \c!type =\v!hanging ,\c!left 
                                        =1,\c!right =1,\c!min =20,\c!max =20...

\xdogetparameters #1]->\xprocesscommaitem #1
                                            ,],\@relax@ 
\dodefinefonthandling ...!step =5,\c!factor =1,#3]
                                                  \else \setvalue {\@fha@ \@...
l.493 ...                     [\c!type=\v!hanging]
                                                  
The control sequence at the end of the top line
of your error message was never \def'ed. If you have
misspelled it (e.g., `\hobx'), type `I' and the correct
spelling (e.g., `I\hbox'). Otherwise just continue,
and I'll forget about whatever was undefined.

! Undefined control sequence.
<argument> \c!type 
                   =\v!hanging 
\xprocesscommaitem ...ocesscommaitem \else \if ]#1
                                                  \@EAEAEA \gobbleoneargumen...
<argument> \c!type =\v!hanging ,\c!left 
                                        =1,\c!right =1,\c!min =20,\c!max =20...

\xdogetparameters #1]->\xprocesscommaitem #1
                                            ,],\@relax@ 
\dodefinefonthandling ...!step =5,\c!factor =1,#3]
                                                  \else \setvalue {\@fha@ \@...
l.493 ...                     [\c!type=\v!hanging]
                                                  
The control sequence at the end of the top line
of your error message was never \def'ed. If you have
misspelled it (e.g., `\hobx'), type `I' and the correct
spelling (e.g., `I\hbox'). Otherwise just continue,
and I'll forget about whatever was undefined.

! Undefined control sequence.
<argument> \c!type 
                   
\dosetvalue #1#2->\@EA \def \csname #1#2
                                        \endcsname 
\p!doassign ...r \else \@EAEAEA #1\fi \fi {#2}{#3}
                                                  {#4}
\xprocesscommaitem ...@relax@ #1==\empty \@relax@ 
                                                  \@EAEAEA \xprocesscommaite...
<argument> \c!type =\v!hanging ,\c!left 
                                        =1,\c!right =1,\c!min =20,\c!max =20...

\xdogetparameters #1]->\xprocesscommaitem #1
                                            ,],\@relax@ 
...
l.493 ...                     [\c!type=\v!hanging]
                                                  
The control sequence at the end of the top line
of your error message was never \def'ed. If you have
misspelled it (e.g., `\hobx'), type `I' and the correct
spelling (e.g., `I\hbox'). Otherwise just continue,
and I'll forget about whatever was undefined.

! Undefined control sequence.
<argument> \c!left 
                   =1
\xprocesscommaitem #1,#2->\if ,#1
                                 ,\@EA \xprocesscommaitem \else \if ]#1\@EAE...
<argument> ...pe =\v!hanging ,\c!left =1,\c!right 
                                                  =1,\c!min =20,\c!max =20,\...

\xdogetparameters #1]->\xprocesscommaitem #1
                                            ,],\@relax@ 
\dodefinefonthandling ...!step =5,\c!factor =1,#3]
                                                  \else \setvalue {\@fha@ \@...
l.493 ...                     [\c!type=\v!hanging]
                                                  
The control sequence at the end of the top line
of your error message was never \def'ed. If you have
misspelled it (e.g., `\hobx'), type `I' and the correct
spelling (e.g., `I\hbox'). Otherwise just continue,
and I'll forget about whatever was undefined.

! Undefined control sequence.
<argument> \c!left 
                   =1
\xprocesscommaitem ...ocesscommaitem \else \if ]#1
                                                  \@EAEAEA \gobbleoneargumen...
<argument> ...pe =\v!hanging ,\c!left =1,\c!right 
                                                  =1,\c!min =20,\c!max =20,\...

\xdogetparameters #1]->\xprocesscommaitem #1
                                            ,],\@relax@ 
\dodefinefonthandling ...!step =5,\c!factor =1,#3]
                                                  \else \setvalue {\@fha@ \@...
l.493 ...                     [\c!type=\v!hanging]
                                                  
The control sequence at the end of the top line
of your error message was never \def'ed. If you have
misspelled it (e.g., `\hobx'), type `I' and the correct
spelling (e.g., `I\hbox'). Otherwise just continue,
and I'll forget about whatever was undefined.

! Undefined control sequence.
<argument> \c!left 
                   
\dosetvalue #1#2->\@EA \def \csname #1#2
                                        \endcsname 
\p!doassign ...r \else \@EAEAEA #1\fi \fi {#2}{#3}
                                                  {#4}
\xprocesscommaitem ...@relax@ #1==\empty \@relax@ 
                                                  \@EAEAEA \xprocesscommaite...
<argument> ...pe =\v!hanging ,\c!left =1,\c!right 
                                                  =1,\c!min =20,\c!max =20,\...

\xdogetparameters #1]->\xprocesscommaitem #1
                                            ,],\@relax@ 
...
l.493 ...                     [\c!type=\v!hanging]
                                                  
The control sequence at the end of the top line
of your error message was never \def'ed. If you have
misspelled it (e.g., `\hobx'), type `I' and the correct
spelling (e.g., `I\hbox'). Otherwise just continue,
and I'll forget about whatever was undefined.

! Undefined control sequence.
<argument> \c!right 
                    =1
\xprocesscommaitem #1,#2->\if ,#1
                                 ,\@EA \xprocesscommaitem \else \if ]#1\@EAE...
<argument> ...ging ,\c!left =1,\c!right =1,\c!min 
                                                  =20,\c!max =20,\c!step =5,...

\xdogetparameters #1]->\xprocesscommaitem #1
                                            ,],\@relax@ 
\dodefinefonthandling ...!step =5,\c!factor =1,#3]
                                                  \else \setvalue {\@fha@ \@...
l.493 ...                     [\c!type=\v!hanging]
                                                  
The control sequence at the end of the top line
of your error message was never \def'ed. If you have
misspelled it (e.g., `\hobx'), type `I' and the correct
spelling (e.g., `I\hbox'). Otherwise just continue,
and I'll forget about whatever was undefined.

! Undefined control sequence.
<argument> \c!right 
                    =1
\xprocesscommaitem ...ocesscommaitem \else \if ]#1
                                                  \@EAEAEA \gobbleoneargumen...
<argument> ...ging ,\c!left =1,\c!right =1,\c!min 
                                                  =20,\c!max =20,\c!step =5,...

\xdogetparameters #1]->\xprocesscommaitem #1
                                            ,],\@relax@ 
\dodefinefonthandling ...!step =5,\c!factor =1,#3]
                                                  \else \setvalue {\@fha@ \@...
l.493 ...                     [\c!type=\v!hanging]
                                                  
The control sequence at the end of the top line
of your error message was never \def'ed. If you have
misspelled it (e.g., `\hobx'), type `I' and the correct
spelling (e.g., `I\hbox'). Otherwise just continue,
and I'll forget about whatever was undefined.

! Undefined control sequence.
<argument> \c!right 
                    
\dosetvalue #1#2->\@EA \def \csname #1#2
                                        \endcsname 
\p!doassign ...r \else \@EAEAEA #1\fi \fi {#2}{#3}
                                                  {#4}
\xprocesscommaitem ...@relax@ #1==\empty \@relax@ 
                                                  \@EAEAEA \xprocesscommaite...
<argument> ...ging ,\c!left =1,\c!right =1,\c!min 
                                                  =20,\c!max =20,\c!step =5,...

\xdogetparameters #1]->\xprocesscommaitem #1
                                            ,],\@relax@ 
...
l.493 ...                     [\c!type=\v!hanging]
                                                  
The control sequence at the end of the top line
of your error message was never \def'ed. If you have
misspelled it (e.g., `\hobx'), type `I' and the correct
spelling (e.g., `I\hbox'). Otherwise just continue,
and I'll forget about whatever was undefined.

! Undefined control sequence.
<argument> \c!min 
                  =20
\xprocesscommaitem #1,#2->\if ,#1
                                 ,\@EA \xprocesscommaitem \else \if ]#1\@EAE...
<argument> ...ft =1,\c!right =1,\c!min =20,\c!max 
                                                  =20,\c!step =5,\c!factor =...

\xdogetparameters #1]->\xprocesscommaitem #1
                                            ,],\@relax@ 
\dodefinefonthandling ...!step =5,\c!factor =1,#3]
                                                  \else \setvalue {\@fha@ \@...
l.493 ...                     [\c!type=\v!hanging]
                                                  
The control sequence at the end of the top line
of your error message was never \def'ed. If you have
misspelled it (e.g., `\hobx'), type `I' and the correct
spelling (e.g., `I\hbox'). Otherwise just continue,
and I'll forget about whatever was undefined.

! Undefined control sequence.
<argument> \c!min 
                  =20
\xprocesscommaitem ...ocesscommaitem \else \if ]#1
                                                  \@EAEAEA \gobbleoneargumen...
<argument> ...ft =1,\c!right =1,\c!min =20,\c!max 
                                                  =20,\c!step =5,\c!factor =...

\xdogetparameters #1]->\xprocesscommaitem #1
                                            ,],\@relax@ 
\dodefinefonthandling ...!step =5,\c!factor =1,#3]
                                                  \else \setvalue {\@fha@ \@...
l.493 ...                     [\c!type=\v!hanging]
                                                  
The control sequence at the end of the top line
of your error message was never \def'ed. If you have
misspelled it (e.g., `\hobx'), type `I' and the correct
spelling (e.g., `I\hbox'). Otherwise just continue,
and I'll forget about whatever was undefined.

! Undefined control sequence.
<argument> \c!min 
                  
\dosetvalue #1#2->\@EA \def \csname #1#2
                                        \endcsname 
\p!doassign ...r \else \@EAEAEA #1\fi \fi {#2}{#3}
                                                  {#4}
\xprocesscommaitem ...@relax@ #1==\empty \@relax@ 
                                                  \@EAEAEA \xprocesscommaite...
<argument> ...ft =1,\c!right =1,\c!min =20,\c!max 
                                                  =20,\c!step =5,\c!factor =...

\xdogetparameters #1]->\xprocesscommaitem #1
                                            ,],\@relax@ 
...
l.493 ...                     [\c!type=\v!hanging]
                                                  
The control sequence at the end of the top line
of your error message was never \def'ed. If you have
misspelled it (e.g., `\hobx'), type `I' and the correct
spelling (e.g., `I\hbox'). Otherwise just continue,
and I'll forget about whatever was undefined.

! Undefined control sequence.
<argument> \c!max 
                  =20
\xprocesscommaitem #1,#2->\if ,#1
                                 ,\@EA \xprocesscommaitem \else \if ]#1\@EAE...
<argument> ...ht =1,\c!min =20,\c!max =20,\c!step 
                                                  =5,\c!factor =1,\c!type =\...

\xdogetparameters #1]->\xprocesscommaitem #1
                                            ,],\@relax@ 
\dodefinefonthandling ...!step =5,\c!factor =1,#3]
                                                  \else \setvalue {\@fha@ \@...
l.493 ...                     [\c!type=\v!hanging]
                                                  
The control sequence at the end of the top line
of your error message was never \def'ed. If you have
misspelled it (e.g., `\hobx'), type `I' and the correct
spelling (e.g., `I\hbox'). Otherwise just continue,
and I'll forget about whatever was undefined.

! Undefined control sequence.
<argument> \c!max 
                  =20
\xprocesscommaitem ...ocesscommaitem \else \if ]#1
                                                  \@EAEAEA \gobbleoneargumen...
<argument> ...ht =1,\c!min =20,\c!max =20,\c!step 
                                                  =5,\c!factor =1,\c!type =\...

\xdogetparameters #1]->\xprocesscommaitem #1
                                            ,],\@relax@ 
\dodefinefonthandling ...!step =5,\c!factor =1,#3]
                                                  \else \setvalue {\@fha@ \@...
l.493 ...                     [\c!type=\v!hanging]
                                                  
The control sequence at the end of the top line
of your error message was never \def'ed. If you have
misspelled it (e.g., `\hobx'), type `I' and the correct
spelling (e.g., `I\hbox'). Otherwise just continue,
and I'll forget about whatever was undefined.

! Undefined control sequence.
<argument> \c!max 
                  
\dosetvalue #1#2->\@EA \def \csname #1#2
                                        \endcsname 
\p!doassign ...r \else \@EAEAEA #1\fi \fi {#2}{#3}
                                                  {#4}
\xprocesscommaitem ...@relax@ #1==\empty \@relax@ 
                                                  \@EAEAEA \xprocesscommaite...
<argument> ...ht =1,\c!min =20,\c!max =20,\c!step 
                                                  =5,\c!factor =1,\c!type =\...

\xdogetparameters #1]->\xprocesscommaitem #1
                                            ,],\@relax@ 
...
l.493 ...                     [\c!type=\v!hanging]
                                                  
The control sequence at the end of the top line
of your error message was never \def'ed. If you have
misspelled it (e.g., `\hobx'), type `I' and the correct
spelling (e.g., `I\hbox'). Otherwise just continue,
and I'll forget about whatever was undefined.

! Undefined control sequence.
<argument> \c!step 
                   =5
\xprocesscommaitem #1,#2->\if ,#1
                                 ,\@EA \xprocesscommaitem \else \if ]#1\@EAE...
<argument> ...=20,\c!max =20,\c!step =5,\c!factor 
                                                  =1,\c!type =\v!hanging 
\xdogetparameters #1]->\xprocesscommaitem #1
                                            ,],\@relax@ 
\dodefinefonthandling ...!step =5,\c!factor =1,#3]
                                                  \else \setvalue {\@fha@ \@...
l.493 ...                     [\c!type=\v!hanging]
                                                  
The control sequence at the end of the top line
of your error message was never \def'ed. If you have
misspelled it (e.g., `\hobx'), type `I' and the correct
spelling (e.g., `I\hbox'). Otherwise just continue,
and I'll forget about whatever was undefined.

! Undefined control sequence.
<argument> \c!step 
                   =5
\xprocesscommaitem ...ocesscommaitem \else \if ]#1
                                                  \@EAEAEA \gobbleoneargumen...
<argument> ...=20,\c!max =20,\c!step =5,\c!factor 
                                                  =1,\c!type =\v!hanging 
\xdogetparameters #1]->\xprocesscommaitem #1
                                            ,],\@relax@ 
\dodefinefonthandling ...!step =5,\c!factor =1,#3]
                                                  \else \setvalue {\@fha@ \@...
l.493 ...                     [\c!type=\v!hanging]
                                                  
The control sequence at the end of the top line
of your error message was never \def'ed. If you have
misspelled it (e.g., `\hobx'), type `I' and the correct
spelling (e.g., `I\hbox'). Otherwise just continue,
and I'll forget about whatever was undefined.

! Undefined control sequence.
<argument> \c!step 
                   
\dosetvalue #1#2->\@EA \def \csname #1#2
                                        \endcsname 
\p!doassign ...r \else \@EAEAEA #1\fi \fi {#2}{#3}
                                                  {#4}
\xprocesscommaitem ...@relax@ #1==\empty \@relax@ 
                                                  \@EAEAEA \xprocesscommaite...
<argument> ...=20,\c!max =20,\c!step =5,\c!factor 
                                                  =1,\c!type =\v!hanging 
\xdogetparameters #1]->\xprocesscommaitem #1
                                            ,],\@relax@ 
...
l.493 ...                     [\c!type=\v!hanging]
                                                  
The control sequence at the end of the top line
of your error message was never \def'ed. If you have
misspelled it (e.g., `\hobx'), type `I' and the correct
spelling (e.g., `I\hbox'). Otherwise just continue,
and I'll forget about whatever was undefined.

! Undefined control sequence.
<argument> \c!factor 
                     =1
\xprocesscommaitem #1,#2->\if ,#1
                                 ,\@EA \xprocesscommaitem \else \if ]#1\@EAE...
<argument> ...=20,\c!step =5,\c!factor =1,\c!type 
                                                  =\v!hanging 
\xdogetparameters #1]->\xprocesscommaitem #1
                                            ,],\@relax@ 
\dodefinefonthandling ...!step =5,\c!factor =1,#3]
                                                  \else \setvalue {\@fha@ \@...
l.493 ...                     [\c!type=\v!hanging]
                                                  
The control sequence at the end of the top line
of your error message was never \def'ed. If you have
misspelled it (e.g., `\hobx'), type `I' and the correct
spelling (e.g., `I\hbox'). Otherwise just continue,
and I'll forget about whatever was undefined.

! Undefined control sequence.
<argument> \c!factor 
                     =1
\xprocesscommaitem ...ocesscommaitem \else \if ]#1
                                                  \@EAEAEA \gobbleoneargumen...
<argument> ...=20,\c!step =5,\c!factor =1,\c!type 
                                                  =\v!hanging 
\xdogetparameters #1]->\xprocesscommaitem #1
                                            ,],\@relax@ 
\dodefinefonthandling ...!step =5,\c!factor =1,#3]
                                                  \else \setvalue {\@fha@ \@...
l.493 ...                     [\c!type=\v!hanging]
                                                  
The control sequence at the end of the top line
of your error message was never \def'ed. If you have
misspelled it (e.g., `\hobx'), type `I' and the correct
spelling (e.g., `I\hbox'). Otherwise just continue,
and I'll forget about whatever was undefined.

! Undefined control sequence.
<argument> \c!factor 
                     
\dosetvalue #1#2->\@EA \def \csname #1#2
                                        \endcsname 
\p!doassign ...r \else \@EAEAEA #1\fi \fi {#2}{#3}
                                                  {#4}
\xprocesscommaitem ...@relax@ #1==\empty \@relax@ 
                                                  \@EAEAEA \xprocesscommaite...
<argument> ...=20,\c!step =5,\c!factor =1,\c!type 
                                                  =\v!hanging 
\xdogetparameters #1]->\xprocesscommaitem #1
                                            ,],\@relax@ 
...
l.493 ...                     [\c!type=\v!hanging]
                                                  
The control sequence at the end of the top line
of your error message was never \def'ed. If you have
misspelled it (e.g., `\hobx'), type `I' and the correct
spelling (e.g., `I\hbox'). Otherwise just continue,
and I'll forget about whatever was undefined.

! Undefined control sequence.
<argument> \c!type 
                   =\v!hanging 
\xprocesscommaitem #1,#2->\if ,#1
                                 ,\@EA \xprocesscommaitem \else \if ]#1\@EAE...

\xdogetparameters #1]->\xprocesscommaitem #1,]
                                              ,\@relax@ 
\dodefinefonthandling ...!step =5,\c!factor =1,#3]
                                                  \else \setvalue {\@fha@ \@...
l.493 ...                     [\c!type=\v!hanging]
                                                  
The control sequence at the end of the top line
of your error message was never \def'ed. If you have
misspelled it (e.g., `\hobx'), type `I' and the correct
spelling (e.g., `I\hbox'). Otherwise just continue,
and I'll forget about whatever was undefined.

! Undefined control sequence.
<argument> \c!type 
                   =\v!hanging 
\xprocesscommaitem ...ocesscommaitem \else \if ]#1
                                                  \@EAEAEA \gobbleoneargumen...

\xdogetparameters #1]->\xprocesscommaitem #1,]
                                              ,\@relax@ 
\dodefinefonthandling ...!step =5,\c!factor =1,#3]
                                                  \else \setvalue {\@fha@ \@...
l.493 ...                     [\c!type=\v!hanging]
                                                  
The control sequence at the end of the top line
of your error message was never \def'ed. If you have
misspelled it (e.g., `\hobx'), type `I' and the correct
spelling (e.g., `I\hbox'). Otherwise just continue,
and I'll forget about whatever was undefined.

! Undefined control sequence.
<argument> \c!type 
                   
\dosetvalue #1#2->\@EA \def \csname #1#2
                                        \endcsname 
\p!doassign ...r \else \@EAEAEA #1\fi \fi {#2}{#3}
                                                  {#4}
\xprocesscommaitem ...@relax@ #1==\empty \@relax@ 
                                                  \@EAEAEA \xprocesscommaite...

\xdogetparameters #1]->\xprocesscommaitem #1,]
                                              ,\@relax@ 
\dodefinefonthandling ...!step =5,\c!factor =1,#3]
                                                  \else \setvalue {\@fha@ \@...
l.493 ...                     [\c!type=\v!hanging]
                                                  
The control sequence at the end of the top line
of your error message was never \def'ed. If you have
misspelled it (e.g., `\hobx'), type `I' and the correct
spelling (e.g., `I\hbox'). Otherwise just continue,
and I'll forget about whatever was undefined.

! Undefined control sequence.
<argument> \c!type 
                   =\v!hanging 
\xprocesscommaitem #1,#2->\if ,#1
                                 ,\@EA \xprocesscommaitem \else \if ]#1\@EAE...
<argument> \c!type =\v!hanging ,\c!left 
                                        =1,\c!right =1,\c!min =20,\c!max =20...

\xdogetparameters #1]->\xprocesscommaitem #1
                                            ,],\@relax@ 
\dodefinefonthandling ...!step =5,\c!factor =1,#3]
                                                  \else \setvalue {\@fha@ \@...
l.494 ...        [\c!type=\v!hanging,\c!right=1.5]
                                                  
The control sequence at the end of the top line
of your error message was never \def'ed. If you have
misspelled it (e.g., `\hobx'), type `I' and the correct
spelling (e.g., `I\hbox'). Otherwise just continue,
and I'll forget about whatever was undefined.

! Undefined control sequence.
<argument> \c!type 
                   =\v!hanging 
\xprocesscommaitem ...ocesscommaitem \else \if ]#1
                                                  \@EAEAEA \gobbleoneargumen...
<argument> \c!type =\v!hanging ,\c!left 
                                        =1,\c!right =1,\c!min =20,\c!max =20...

\xdogetparameters #1]->\xprocesscommaitem #1
                                            ,],\@relax@ 
\dodefinefonthandling ...!step =5,\c!factor =1,#3]
                                                  \else \setvalue {\@fha@ \@...
l.494 ...        [\c!type=\v!hanging,\c!right=1.5]
                                                  
The control sequence at the end of the top line
of your error message was never \def'ed. If you have
misspelled it (e.g., `\hobx'), type `I' and the correct
spelling (e.g., `I\hbox'). Otherwise just continue,
and I'll forget about whatever was undefined.

! Undefined control sequence.
<argument> \c!type 
                   
\dosetvalue #1#2->\@EA \def \csname #1#2
                                        \endcsname 
\p!doassign ...r \else \@EAEAEA #1\fi \fi {#2}{#3}
                                                  {#4}
\xprocesscommaitem ...@relax@ #1==\empty \@relax@ 
                                                  \@EAEAEA \xprocesscommaite...
<argument> \c!type =\v!hanging ,\c!left 
                                        =1,\c!right =1,\c!min =20,\c!max =20...

\xdogetparameters #1]->\xprocesscommaitem #1
                                            ,],\@relax@ 
...
l.494 ...        [\c!type=\v!hanging,\c!right=1.5]
                                                  
The control sequence at the end of the top line
of your error message was never \def'ed. If you have
misspelled it (e.g., `\hobx'), type `I' and the correct
spelling (e.g., `I\hbox'). Otherwise just continue,
and I'll forget about whatever was undefined.

! Undefined control sequence.
<argument> \c!left 
                   =1
\xprocesscommaitem #1,#2->\if ,#1
                                 ,\@EA \xprocesscommaitem \else \if ]#1\@EAE...
<argument> ...pe =\v!hanging ,\c!left =1,\c!right 
                                                  =1,\c!min =20,\c!max =20,\...

\xdogetparameters #1]->\xprocesscommaitem #1
                                            ,],\@relax@ 
\dodefinefonthandling ...!step =5,\c!factor =1,#3]
                                                  \else \setvalue {\@fha@ \@...
l.494 ...        [\c!type=\v!hanging,\c!right=1.5]
                                                  
The control sequence at the end of the top line
of your error message was never \def'ed. If you have
misspelled it (e.g., `\hobx'), type `I' and the correct
spelling (e.g., `I\hbox'). Otherwise just continue,
and I'll forget about whatever was undefined.

! Undefined control sequence.
<argument> \c!left 
                   =1
\xprocesscommaitem ...ocesscommaitem \else \if ]#1
                                                  \@EAEAEA \gobbleoneargumen...
<argument> ...pe =\v!hanging ,\c!left =1,\c!right 
                                                  =1,\c!min =20,\c!max =20,\...

\xdogetparameters #1]->\xprocesscommaitem #1
                                            ,],\@relax@ 
\dodefinefonthandling ...!step =5,\c!factor =1,#3]
                                                  \else \setvalue {\@fha@ \@...
l.494 ...        [\c!type=\v!hanging,\c!right=1.5]
                                                  
The control sequence at the end of the top line
of your error message was never \def'ed. If you have
misspelled it (e.g., `\hobx'), type `I' and the correct
spelling (e.g., `I\hbox'). Otherwise just continue,
and I'll forget about whatever was undefined.

! Undefined control sequence.
<argument> \c!left 
                   
\dosetvalue #1#2->\@EA \def \csname #1#2
                                        \endcsname 
\p!doassign ...r \else \@EAEAEA #1\fi \fi {#2}{#3}
                                                  {#4}
\xprocesscommaitem ...@relax@ #1==\empty \@relax@ 
                                                  \@EAEAEA \xprocesscommaite...
<argument> ...pe =\v!hanging ,\c!left =1,\c!right 
                                                  =1,\c!min =20,\c!max =20,\...

\xdogetparameters #1]->\xprocesscommaitem #1
                                            ,],\@relax@ 
...
l.494 ...        [\c!type=\v!hanging,\c!right=1.5]
                                                  
The control sequence at the end of the top line
of your error message was never \def'ed. If you have
misspelled it (e.g., `\hobx'), type `I' and the correct
spelling (e.g., `I\hbox'). Otherwise just continue,
and I'll forget about whatever was undefined.

! Undefined control sequence.
<argument> \c!right 
                    =1
\xprocesscommaitem #1,#2->\if ,#1
                                 ,\@EA \xprocesscommaitem \else \if ]#1\@EAE...
<argument> ...ging ,\c!left =1,\c!right =1,\c!min 
                                                  =20,\c!max =20,\c!step =5,...

\xdogetparameters #1]->\xprocesscommaitem #1
                                            ,],\@relax@ 
\dodefinefonthandling ...!step =5,\c!factor =1,#3]
                                                  \else \setvalue {\@fha@ \@...
l.494 ...        [\c!type=\v!hanging,\c!right=1.5]
                                                  
The control sequence at the end of the top line
of your error message was never \def'ed. If you have
misspelled it (e.g., `\hobx'), type `I' and the correct
spelling (e.g., `I\hbox'). Otherwise just continue,
and I'll forget about whatever was undefined.

! Undefined control sequence.
<argument> \c!right 
                    =1
\xprocesscommaitem ...ocesscommaitem \else \if ]#1
                                                  \@EAEAEA \gobbleoneargumen...
<argument> ...ging ,\c!left =1,\c!right =1,\c!min 
                                                  =20,\c!max =20,\c!step =5,...

\xdogetparameters #1]->\xprocesscommaitem #1
                                            ,],\@relax@ 
\dodefinefonthandling ...!step =5,\c!factor =1,#3]
                                                  \else \setvalue {\@fha@ \@...
l.494 ...        [\c!type=\v!hanging,\c!right=1.5]
                                                  
(That makes 100 errors; please try again.) 
Here is how much of TeX's memory you used:
 8397 strings out of 498656
 114951 string characters out of 1221756
 93018 words of memory out of 3000000
 8656 multiletter control sequences out of 10000+50000
 7 words of font info for 0 fonts, out of 3000000 for 5000
 0 hyphenation exceptions out of 8191
 27i,0n,18p,256b,401s stack positions out of 5000i,500n,10000p,200000b,50000s

No pages of output.
