This is MetaPost, Version 1.005 (Web2C 7.5.7) (INIMP)  7 SEP 2009 13:40
(/usr/local/texlive/2008/texmf/web2c/natural.tcx)
**metafun
(/usr/local/texlive/2008/../texmf-local/metapost/context/base/metafun.mp
(/usr/local/texlive/2008/../texmf-local/metapost/context/base/mp-base.mp
Preloading the plain mem file, version 0.63)
(/usr/local/texlive/2008/../texmf-local/metapost/context/base/mp-tool.mp)
(/usr/local/texlive/2008/../texmf-local/metapost/context/base/mp-spec.mp)
(/usr/local/texlive/2008/../texmf-local/metapost/context/base/mp-core.mp)
(/usr/local/texlive/2008/../texmf-local/metapost/context/base/mp-page.mp)
(/usr/local/texlive/2008/../texmf-local/metapost/context/base/mp-text.mp)
(/usr/local/texlive/2008/../texmf-local/metapost/context/base/mp-txts.mp)
(/usr/local/texlive/2008/../texmf-local/metapost/context/base/mp-shap.mp)
(/usr/local/texlive/2008/../texmf-local/metapost/context/base/mp-butt.mp)
(/usr/local/texlive/2008/../texmf-local/metapost/context/base/mp-char.mp)
(/usr/local/texlive/2008/../texmf-local/metapost/context/base/mp-step.mp)
(/usr/local/texlive/2008/../texmf-local/metapost/context/base/mp-grph.mp)
(/usr/local/texlive/2008/../texmf-local/metapost/context/base/mp-figs.mp)
(/usr/local/texlive/2008/../texmf-local/metapost/context/base/mp-mlib.mp)
(/usr/local/texlive/2008/../texmf-local/metapost/context/base/mp-grid.mp
(/usr/local/texlive/2008/../texmf-local/metapost/context/base/mp-form.mp
(/usr/local/texlive/2008/texmf-dist/metapost/base/string.mp)
(/usr/local/texlive/2008/texmf-dist/metapost/base/marith.mp
(/usr/local/texlive/2008/texmf-dist/metapost/base/string.mp))))
(/usr/local/texlive/2008/../texmf-local/metapost/context/base/mp-func.mp) )
Beginning to dump on file metafun.mem
 (mem=metafun 2009.9.7)
at most 3093 strings of total length 41106
49751 memory locations dumped; current usage is 12878&36770
1799 symbolic tokens
